{"version":6,"type":"context-options","browserName":"chromium","options":{"noDefaultViewport":false,"viewport":{"width":1200,"height":800},"ignoreHTTPSErrors":false,"javaScriptEnabled":true,"bypassCSP":false,"offline":false,"reducedMotion":"no-preference","forcedColors":"none","acceptDownloads":"accept","recordVideo":{"dir":"C:\\testLB2\\browser\\video\\\testLB2\\evidencies\\videos\\01-01-2024_214412","size":{"width":1200,"height":800}},"serviceWorkers":"allow"},"platform":"win32","wallTime":1704163452184,"sdkLanguage":"javascript","testIdAttributeName":"data-testid"}
{"type":"before","callId":"call@7","startTime":4580.249,"apiName":"browserContext.newPage","class":"BrowserContext","method":"newPage","params":{},"wallTime":1704163452199,"beforeSnapshot":"before@call@7"}
{"type":"event","class":"Frame","method":"__create__","params":{"type":"Frame","initializer":{"url":"about:blank","name":"","loadStates":["commit","domcontentloaded","load"]},"guid":"frame@0bddb1c56d6edc0f4f6bf7310272e510"},"time":4732.197}
{"type":"event","class":"Page","method":"__create__","params":{"type":"Page","initializer":{"mainFrame":{"guid":"frame@0bddb1c56d6edc0f4f6bf7310272e510"},"viewportSize":{"width":1200,"height":800},"isClosed":false},"guid":"page@c4ec04d0b5993361ac9404f54879f33d"},"time":4732.412}
{"type":"event","class":"BrowserContext","method":"page","params":{"page":{"guid":"page@c4ec04d0b5993361ac9404f54879f33d"}},"time":4732.601}
{"type":"after","callId":"call@7","endTime":4733.678,"result":{"page":{"guid":"page@c4ec04d0b5993361ac9404f54879f33d"}},"afterSnapshot":"after@call@7"}
{"type":"screencast-frame","pageId":"page@c4ec04d0b5993361ac9404f54879f33d","sha1":"page@c4ec04d0b5993361ac9404f54879f33d-1704163452.368537.jpeg","width":1200,"height":800,"timestamp":4764.887}
{"type":"event","class":"BrowserContext","method":"video","params":{"artifact":{"guid":"artifact@9de4e20e49944e1fd2a75b978026d567"}},"time":4765.585}
{"type":"event","class":"Page","method":"video","params":{"artifact":{"guid":"artifact@9de4e20e49944e1fd2a75b978026d567"}},"time":4765.635,"pageId":"page@c4ec04d0b5993361ac9404f54879f33d"}
{"type":"before","callId":"call@11","startTime":4767.957,"apiName":"page.goto","class":"Frame","method":"goto","params":{"url":"https://front.serverest.dev/","timeout":10000,"waitUntil":"load"},"wallTime":1704163452387,"pageId":"page@c4ec04d0b5993361ac9404f54879f33d","beforeSnapshot":"before@call@11"}
{"type":"frame-snapshot","snapshot":{"callId":"call@11","snapshotName":"before@call@11","pageId":"page@c4ec04d0b5993361ac9404f54879f33d","frameId":"frame@0bddb1c56d6edc0f4f6bf7310272e510","frameUrl":"about:blank","html":["HTML",{},["HEAD",{},["BASE",{"href":"about:blank"}]],["BODY"]],"viewport":{"width":1200,"height":800},"timestamp":4772.918,"collectionTime":1.199999988079071,"resourceOverrides":[],"isMainFrame":true}}
{"type":"log","callId":"call@11","time":4775.563,"message":"navigating to \"https://front.serverest.dev/\", waiting until \"load\""}
{"type":"event","class":"Request","method":"__create__","params":{"type":"Request","initializer":{"frame":{"guid":"frame@0bddb1c56d6edc0f4f6bf7310272e510"},"url":"https://front.serverest.dev/","resourceType":"document","method":"GET","headers":[{"name":"Upgrade-Insecure-Requests","value":"1"},{"name":"User-Agent","value":"Mozilla/5.0 (Windows NT 10.0; Win64; x64) AppleWebKit/537.36 (KHTML, like Gecko) HeadlessChrome/120.0.6099.28 Safari/537.36"},{"name":"sec-ch-ua","value":"\"Not_A Brand\";v=\"8\", \"Chromium\";v=\"120\", \"HeadlessChrome\";v=\"120\""},{"name":"sec-ch-ua-mobile","value":"?0"},{"name":"sec-ch-ua-platform","value":"\"Windows\""}],"isNavigationRequest":true},"guid":"request@9f652a0bbc9b72dd69cf3c8ddbfd7350"},"time":4778.343,"pageId":"page@c4ec04d0b5993361ac9404f54879f33d"}
{"type":"event","class":"BrowserContext","method":"request","params":{"request":{"guid":"request@9f652a0bbc9b72dd69cf3c8ddbfd7350"},"page":{"guid":"page@c4ec04d0b5993361ac9404f54879f33d"}},"time":4778.394}
{"type":"screencast-frame","pageId":"page@c4ec04d0b5993361ac9404f54879f33d","sha1":"page@c4ec04d0b5993361ac9404f54879f33d-1704163452.408504.jpeg","width":1200,"height":800,"timestamp":4805.005}
{"type":"event","class":"Response","method":"__create__","params":{"type":"Response","initializer":{"request":{"guid":"request@9f652a0bbc9b72dd69cf3c8ddbfd7350"},"url":"https://front.serverest.dev/","status":200,"statusText":"","headers":[{"name":"accept-ranges","value":"bytes"},{"name":"age","value":"9185"},{"name":"cache-control","value":"public,max-age=0,must-revalidate"},{"name":"cache-status","value":"\"Netlify Edge\"; hit"},{"name":"content-encoding","value":"br"},{"name":"content-length","value":"992"},{"name":"content-type","value":"text/html; charset=UTF-8"},{"name":"date","value":"Tue, 02 Jan 2024 02:44:15 GMT"},{"name":"etag","value":"\"2692d2ec851377bc6b940d5250a76937-ssl-df\""},{"name":"server","value":"Netlify"},{"name":"strict-transport-security","value":"max-age=31536000"},{"name":"vary","value":"Accept-Encoding"},{"name":"x-nf-request-id","value":"01HK40XC8DAHQZPR00WM38KYH9"}],"timing":{"startTime":1704163452389.1318,"domainLookupStart":3093.721,"domainLookupEnd":3093.744,"connectStart":3093.744,"secureConnectionStart":3170.091,"connectEnd":3249.822,"requestStart":3250.369,"responseStart":3328.276},"fromServiceWorker":false},"guid":"response@11bfd8320e396799496eb1fb2554ce4c"},"time":8119.976,"pageId":"page@c4ec04d0b5993361ac9404f54879f33d"}
{"type":"event","class":"BrowserContext","method":"response","params":{"response":{"guid":"response@11bfd8320e396799496eb1fb2554ce4c"},"page":{"guid":"page@c4ec04d0b5993361ac9404f54879f33d"}},"time":8120.059}
{"type":"event","class":"Frame","method":"loadstate","params":{"remove":"commit"},"time":8128.582,"pageId":"page@c4ec04d0b5993361ac9404f54879f33d"}
{"type":"event","class":"Frame","method":"loadstate","params":{"remove":"domcontentloaded"},"time":8128.62,"pageId":"page@c4ec04d0b5993361ac9404f54879f33d"}
{"type":"event","class":"Frame","method":"loadstate","params":{"remove":"load"},"time":8128.626,"pageId":"page@c4ec04d0b5993361ac9404f54879f33d"}
{"type":"event","class":"Frame","method":"loadstate","params":{"add":"commit"},"time":8128.671,"pageId":"page@c4ec04d0b5993361ac9404f54879f33d"}
{"type":"event","class":"Frame","method":"navigated","params":{"url":"https://front.serverest.dev/","name":"","newDocument":{"request":{"guid":"request@9f652a0bbc9b72dd69cf3c8ddbfd7350"}}},"time":8128.761,"pageId":"page@c4ec04d0b5993361ac9404f54879f33d"}
{"type":"event","class":"BrowserContext","method":"requestFinished","params":{"request":{"guid":"request@9f652a0bbc9b72dd69cf3c8ddbfd7350"},"response":{"guid":"response@11bfd8320e396799496eb1fb2554ce4c"},"responseEndTiming":3330.877,"page":{"guid":"page@c4ec04d0b5993361ac9404f54879f33d"}},"time":8130.269}
{"type":"screencast-frame","pageId":"page@c4ec04d0b5993361ac9404f54879f33d","sha1":"page@c4ec04d0b5993361ac9404f54879f33d-1704163456.151871.jpeg","width":1200,"height":800,"timestamp":8548.01}
{"type":"event","class":"Frame","method":"navigated","params":{"url":"https://front.serverest.dev/login","name":""},"time":8556.922,"pageId":"page@c4ec04d0b5993361ac9404f54879f33d"}
{"type":"event","class":"Frame","method":"loadstate","params":{"add":"domcontentloaded"},"time":9963.882,"pageId":"page@c4ec04d0b5993361ac9404f54879f33d"}
{"type":"screencast-frame","pageId":"page@c4ec04d0b5993361ac9404f54879f33d","sha1":"page@c4ec04d0b5993361ac9404f54879f33d-1704163457.584936.jpeg","width":1200,"height":800,"timestamp":9984.597}
{"type":"event","class":"Frame","method":"loadstate","params":{"add":"load"},"time":10070.988,"pageId":"page@c4ec04d0b5993361ac9404f54879f33d"}
{"type":"after","callId":"call@11","endTime":10071.444,"result":{"response":{"guid":"response@11bfd8320e396799496eb1fb2554ce4c"}},"afterSnapshot":"after@call@11"}
{"type":"frame-snapshot","snapshot":{"callId":"call@11","snapshotName":"after@call@11","pageId":"page@c4ec04d0b5993361ac9404f54879f33d","frameId":"frame@0bddb1c56d6edc0f4f6bf7310272e510","frameUrl":"https://front.serverest.dev/login","doctype":"html","html":["HTML",{"lang":"en"},["HEAD",{},["BASE",{"href":"https://front.serverest.dev/login"}],["META",{"charset":"utf-8"}],["LINK",{"rel":"icon","href":"/serveresticon.ico"}],["META",{"name":"viewport","content":"width=device-width,initial-scale=1"}],["META",{"name":"theme-color","content":"#000000"}],["META",{"name":"description","content":"Web site created using create-react-app"}],["LINK",{"rel":"apple-touch-icon","href":"/serveresticon.png"}],["LINK",{"rel":"manifest","href":"/manifest.json"}],["TITLE",{},"Front - ServeRest"],["LINK",{"href":"/static/css/2.0012cb62.chunk.css","rel":"stylesheet"}],["LINK",{"href":"/static/css/main.47264059.chunk.css","rel":"stylesheet"}]],["BODY",{},["DIV",{"id":"root"},["DIV",{"class":"App"},["DIV",{"class":"login-page container"},["FORM",{"class":"form"},["IMG",{"__playwright_current_src__":"https://front.serverest.dev/static/media/serverestlogo1.532833ba.png","src":"/static/media/serverestlogo1.532833ba.png","width":"200","height":"200","class":"imagem"}],["H1",{"class":"font-robot"},"Login"],["DIV",{"class":"mb-3"},["INPUT",{"__playwright_value_":"","data-testid":"email","name":"email","placeholder":"Digite seu email","type":"email","id":"email","class":"form-control"}]],["DIV",{"class":"mb-3"},["INPUT",{"__playwright_value_":"","data-testid":"senha","name":"password","placeholder":"Digite sua senha","type":"password","id":"password","class":"form-control"}]],["BUTTON",{"data-testid":"entrar","type":"submit","class":"btn btn-primary"},"Entrar"],["SMALL",{"class":"message form-text"},"Não é cadastrado?",["A",{"data-testid":"cadastrar","type":"button","class":"btn btn-link"},"Cadastre-se"]]]]]]]],"viewport":{"width":1200,"height":800},"timestamp":10100.496,"collectionTime":3.5,"resourceOverrides":[],"isMainFrame":true}}
{"type":"before","callId":"call@13","startTime":10108.846,"apiName":"page.title","class":"Frame","method":"title","params":{},"wallTime":1704163457728,"pageId":"page@c4ec04d0b5993361ac9404f54879f33d","beforeSnapshot":"before@call@13"}
{"type":"after","callId":"call@13","endTime":10110.561,"result":{"value":"Front - ServeRest"},"afterSnapshot":"after@call@13"}
{"type":"screencast-frame","pageId":"page@c4ec04d0b5993361ac9404f54879f33d","sha1":"page@c4ec04d0b5993361ac9404f54879f33d-1704163457.715973.jpeg","width":1200,"height":800,"timestamp":10115.812}
{"type":"before","callId":"call@15","startTime":10227.249,"apiName":"locator.click","class":"Frame","method":"click","params":{"selector":"css=a[data-testid='cadastrar']","strict":true,"force":false,"noWaitAfter":false,"button":"left","clickCount":1,"trial":false},"wallTime":1704163457846,"pageId":"page@c4ec04d0b5993361ac9404f54879f33d","beforeSnapshot":"before@call@15"}
{"type":"screencast-frame","pageId":"page@c4ec04d0b5993361ac9404f54879f33d","sha1":"page@c4ec04d0b5993361ac9404f54879f33d-1704163457.729242.jpeg","width":1200,"height":800,"timestamp":10228.167}
{"type":"frame-snapshot","snapshot":{"callId":"call@15","snapshotName":"before@call@15","pageId":"page@c4ec04d0b5993361ac9404f54879f33d","frameId":"frame@0bddb1c56d6edc0f4f6bf7310272e510","frameUrl":"https://front.serverest.dev/login","doctype":"html","html":[[1,31]],"viewport":{"width":1200,"height":800},"timestamp":10232.62,"collectionTime":1.0999999642372131,"resourceOverrides":[],"isMainFrame":true}}
{"type":"log","callId":"call@15","time":10241.288,"message":"waiting for locator('a[data-testid=\\'cadastrar\\']')"}
{"type":"log","callId":"call@15","time":10260.844,"message":"  locator resolved to <a type=\"button\" class=\"btn btn-link\" data-testid=\"…>Cadastre-se</a>"}
{"type":"log","callId":"call@15","time":10264.608,"message":"attempting click action"}
{"type":"log","callId":"call@15","time":10264.652,"message":"  waiting for element to be visible, enabled and stable"}
{"type":"log","callId":"call@15","time":10302.756,"message":"  element is visible, enabled and stable"}
{"type":"log","callId":"call@15","time":10302.774,"message":"  scrolling into view if needed"}
{"type":"log","callId":"call@15","time":10304.092,"message":"  done scrolling"}
{"type":"input","callId":"call@15","point":{"x":654.08,"y":565},"inputSnapshot":"input@call@15"}
{"type":"frame-snapshot","snapshot":{"callId":"call@15","snapshotName":"input@call@15","pageId":"page@c4ec04d0b5993361ac9404f54879f33d","frameId":"frame@0bddb1c56d6edc0f4f6bf7310272e510","frameUrl":"https://front.serverest.dev/login","doctype":"html","html":["HTML",{"lang":"en"},[[2,12]],["BODY",{},["DIV",{"id":"root"},["DIV",{"class":"App"},["DIV",{"class":"login-page container"},["FORM",{"class":"form"},[[2,13]],[[2,15]],[[2,17]],[[2,19]],[[2,21]],["SMALL",{"class":"message form-text"},[[2,22]],["A",{"__playwright_target__":"call@15","data-testid":"cadastrar","type":"button","class":"btn btn-link"},[[2,23]]]]]]]]]],"viewport":{"width":1200,"height":800},"timestamp":10307.937,"collectionTime":0.30000001192092896,"resourceOverrides":[],"isMainFrame":true}}
{"type":"log","callId":"call@15","time":10310.66,"message":"  performing click action"}
{"type":"event","class":"Frame","method":"navigated","params":{"url":"https://front.serverest.dev/cadastrarusuarios","name":""},"time":10315.709,"pageId":"page@c4ec04d0b5993361ac9404f54879f33d"}
{"type":"log","callId":"call@15","time":10322.575,"message":"  click action done"}
{"type":"log","callId":"call@15","time":10322.609,"message":"  waiting for scheduled navigations to finish"}
{"type":"log","callId":"call@15","time":10323.443,"message":"  navigations have finished"}
{"type":"after","callId":"call@15","endTime":10323.602,"afterSnapshot":"after@call@15"}
{"type":"frame-snapshot","snapshot":{"callId":"call@15","snapshotName":"after@call@15","pageId":"page@c4ec04d0b5993361ac9404f54879f33d","frameId":"frame@0bddb1c56d6edc0f4f6bf7310272e510","frameUrl":"https://front.serverest.dev/cadastrarusuarios","doctype":"html","html":["HTML",{"lang":"en"},[[3,12]],["BODY",{},["DIV",{"id":"root"},["DIV",{"class":"App"},["DIV",{"class":"register-page container"},["FORM",{"class":"form"},["IMG",{"__playwright_current_src__":"https://front.serverest.dev/static/media/serverestlogo1.532833ba.png","src":"/static/media/serverestlogo1.532833ba.png","width":"200","height":"200","class":"imagem"}],["H2",{"class":"font-robot"},"Cadastro"],["DIV",{"class":"mb-3 text-left"},["INPUT",{"__playwright_value_":"","data-testid":"nome","name":"nome","placeholder":"Digite seu nome","type":"text","id":"nome","class":"form-control"}]],["DIV",{"class":"mb-3 text-left"},["INPUT",{"__playwright_value_":"","data-testid":"email","name":"email","placeholder":"Digite seu email","type":"email","id":"email","class":"form-control"}]],["DIV",{"class":"mb-3 text-left"},["INPUT",{"__playwright_value_":"","data-testid":"password","name":"password","placeholder":"Digite sua senha","type":"password","id":"password","class":"form-control"}]],["DIV",{"class":"mb-3"},["DIV",{"class":"form-check"},["INPUT",{"__playwright_value_":"on","__playwright_checked_":"false","data-testid":"checkbox","name":"administrador","type":"checkbox","id":"administrador","class":"form-check-input"}],["LABEL",{"title":"","for":"administrador","class":"form-check-label"},"Cadastrar como administrador?"]]],["DIV",{"class":"mb-3"},["BUTTON",{"data-testid":"cadastrar","type":"submit","class":"btn btn-primary btn btn-primary"},"Cadastrar"]],["SMALL",{"class":"message form-text"},"Já é cadastrado?",["A",{"data-testid":"entrar","type":"button","class":"btn btn-link"},"Entrar"]]]]]]]],"viewport":{"width":1200,"height":800},"timestamp":10325.43,"collectionTime":0.6000000238418579,"resourceOverrides":[],"isMainFrame":true}}
{"type":"before","callId":"call@17","startTime":10334.933,"apiName":"locator.fill","class":"Frame","method":"fill","params":{"selector":"css=input[data-testid='nome']","strict":true,"value":"Mayara Fernandes","force":false},"wallTime":1704163457954,"pageId":"page@c4ec04d0b5993361ac9404f54879f33d","beforeSnapshot":"before@call@17"}
{"type":"frame-snapshot","snapshot":{"callId":"call@17","snapshotName":"before@call@17","pageId":"page@c4ec04d0b5993361ac9404f54879f33d","frameId":"frame@0bddb1c56d6edc0f4f6bf7310272e510","frameUrl":"https://front.serverest.dev/cadastrarusuarios","doctype":"html","html":[[1,26]],"viewport":{"width":1200,"height":800},"timestamp":10337.315,"collectionTime":0.7999999523162842,"resourceOverrides":[],"isMainFrame":true}}
{"type":"log","callId":"call@17","time":10338.312,"message":"waiting for locator('input[data-testid=\\'nome\\']')"}
{"type":"log","callId":"call@17","time":10344.374,"message":"  locator resolved to <input id=\"nome\" name=\"nome\" type=\"text\" data-testid=\"n…/>"}
{"type":"log","callId":"call@17","time":10346.421,"message":"elementHandle.fill(\"Mayara Fernandes\")"}
{"type":"input","callId":"call@17","inputSnapshot":"input@call@17"}
{"type":"screencast-frame","pageId":"page@c4ec04d0b5993361ac9404f54879f33d","sha1":"page@c4ec04d0b5993361ac9404f54879f33d-1704163457.951401.jpeg","width":1200,"height":800,"timestamp":10350.535}
{"type":"frame-snapshot","snapshot":{"callId":"call@17","snapshotName":"input@call@17","pageId":"page@c4ec04d0b5993361ac9404f54879f33d","frameId":"frame@0bddb1c56d6edc0f4f6bf7310272e510","frameUrl":"https://front.serverest.dev/cadastrarusuarios","doctype":"html","html":["HTML",{"lang":"en"},[[5,12]],["BODY",{},["DIV",{"id":"root"},["DIV",{"class":"App"},["DIV",{"class":"register-page container"},["FORM",{"class":"form"},[[2,0]],[[2,2]],["DIV",{"class":"mb-3 text-left"},["INPUT",{"__playwright_value_":"","__playwright_target__":"call@17","data-testid":"nome","name":"nome","placeholder":"Digite seu nome","type":"text","id":"nome","class":"form-control"}]],[[2,6]],[[2,8]],[[2,13]],[[2,16]],[[2,20]]]]]]]],"viewport":{"width":1200,"height":800},"timestamp":10350.872,"collectionTime":0.5,"resourceOverrides":[],"isMainFrame":true}}
{"type":"log","callId":"call@17","time":10351.06,"message":"  waiting for element to be visible, enabled and editable"}
{"type":"log","callId":"call@17","time":10359.008,"message":"  element is visible, enabled and editable"}
{"type":"screencast-frame","pageId":"page@c4ec04d0b5993361ac9404f54879f33d","sha1":"page@c4ec04d0b5993361ac9404f54879f33d-1704163457.977308.jpeg","width":1200,"height":800,"timestamp":10374.127}
{"type":"after","callId":"call@17","endTime":10487.279,"afterSnapshot":"after@call@17"}
{"type":"frame-snapshot","snapshot":{"callId":"call@17","snapshotName":"after@call@17","pageId":"page@c4ec04d0b5993361ac9404f54879f33d","frameId":"frame@0bddb1c56d6edc0f4f6bf7310272e510","frameUrl":"https://front.serverest.dev/cadastrarusuarios","doctype":"html","html":["HTML",{"lang":"en"},[[6,12]],["BODY",{},["DIV",{"id":"root"},["DIV",{"class":"App"},["DIV",{"class":"register-page container"},["FORM",{"class":"form"},[[3,0]],[[3,2]],["DIV",{"class":"mb-3 text-left"},["INPUT",{"__playwright_value_":"Mayara Fernandes","__playwright_target__":"call@17","data-testid":"nome","name":"nome","placeholder":"Digite seu nome","type":"text","id":"nome","class":"form-control"}]],[[3,6]],[[3,8]],[[3,13]],[[3,16]],[[3,20]]]]]]]],"viewport":{"width":1200,"height":800},"timestamp":10490.05,"collectionTime":0.6000000238418579,"resourceOverrides":[],"isMainFrame":true}}
{"type":"before","callId":"call@19","startTime":10496.432,"apiName":"locator.fill","class":"Frame","method":"fill","params":{"selector":"css=input[data-testid='email']","strict":true,"value":"nicolerosales@example.net","force":false},"wallTime":1704163458115,"pageId":"page@c4ec04d0b5993361ac9404f54879f33d","beforeSnapshot":"before@call@19"}
{"type":"frame-snapshot","snapshot":{"callId":"call@19","snapshotName":"before@call@19","pageId":"page@c4ec04d0b5993361ac9404f54879f33d","frameId":"frame@0bddb1c56d6edc0f4f6bf7310272e510","frameUrl":"https://front.serverest.dev/cadastrarusuarios","doctype":"html","html":[[1,7]],"viewport":{"width":1200,"height":800},"timestamp":10501.259,"collectionTime":0.5,"resourceOverrides":[],"isMainFrame":true}}
{"type":"log","callId":"call@19","time":10501.96,"message":"waiting for locator('input[data-testid=\\'email\\']')"}
{"type":"log","callId":"call@19","time":10506.295,"message":"  locator resolved to <input id=\"email\" name=\"email\" type=\"email\" data-testid…/>"}
{"type":"screencast-frame","pageId":"page@c4ec04d0b5993361ac9404f54879f33d","sha1":"page@c4ec04d0b5993361ac9404f54879f33d-1704163458.107371.jpeg","width":1200,"height":800,"timestamp":10508.285}
{"type":"log","callId":"call@19","time":10510.904,"message":"elementHandle.fill(\"nicolerosales@example.net\")"}
{"type":"input","callId":"call@19","inputSnapshot":"input@call@19"}
{"type":"frame-snapshot","snapshot":{"callId":"call@19","snapshotName":"input@call@19","pageId":"page@c4ec04d0b5993361ac9404f54879f33d","frameId":"frame@0bddb1c56d6edc0f4f6bf7310272e510","frameUrl":"https://front.serverest.dev/cadastrarusuarios","doctype":"html","html":["HTML",{"lang":"en"},[[8,12]],["BODY",{},["DIV",{"id":"root"},["DIV",{"class":"App"},["DIV",{"class":"register-page container"},["FORM",{"class":"form"},[[5,0]],[[5,2]],[[2,1]],["DIV",{"class":"mb-3 text-left"},["INPUT",{"__playwright_value_":"","__playwright_target__":"call@19","data-testid":"email","name":"email","placeholder":"Digite seu email","type":"email","id":"email","class":"form-control"}]],[[5,8]],[[5,13]],[[5,16]],[[5,20]]]]]]]],"viewport":{"width":1200,"height":800},"timestamp":10514.393,"collectionTime":0.5,"resourceOverrides":[],"isMainFrame":true}}
{"type":"log","callId":"call@19","time":10514.632,"message":"  waiting for element to be visible, enabled and editable"}
{"type":"screencast-frame","pageId":"page@c4ec04d0b5993361ac9404f54879f33d","sha1":"page@c4ec04d0b5993361ac9404f54879f33d-1704163458.119131.jpeg","width":1200,"height":800,"timestamp":10519.030999999999}
{"type":"event","class":"Frame","method":"loadstate","params":{"add":"networkidle"},"time":10573.389,"pageId":"page@c4ec04d0b5993361ac9404f54879f33d"}
{"type":"log","callId":"call@19","time":10593.023,"message":"  element is visible, enabled and editable"}
{"type":"after","callId":"call@19","endTime":10604.328,"afterSnapshot":"after@call@19"}
{"type":"frame-snapshot","snapshot":{"callId":"call@19","snapshotName":"after@call@19","pageId":"page@c4ec04d0b5993361ac9404f54879f33d","frameId":"frame@0bddb1c56d6edc0f4f6bf7310272e510","frameUrl":"https://front.serverest.dev/cadastrarusuarios","doctype":"html","html":["HTML",{"lang":"en"},[[9,12]],["BODY",{},["DIV",{"id":"root"},["DIV",{"class":"App"},["DIV",{"class":"register-page container"},["FORM",{"class":"form"},[[6,0]],[[6,2]],[[3,1]],["DIV",{"class":"mb-3 text-left"},["INPUT",{"__playwright_value_":"nicolerosales@example.net","__playwright_target__":"call@19","data-testid":"email","name":"email","placeholder":"Digite seu email","type":"email","id":"email","class":"form-control"}]],[[6,8]],[[6,13]],[[6,16]],[[6,20]]]]]]]],"viewport":{"width":1200,"height":800},"timestamp":10613.273,"collectionTime":1.0999999642372131,"resourceOverrides":[],"isMainFrame":true}}
{"type":"before","callId":"call@21","startTime":10621.672,"apiName":"locator.fill","class":"Frame","method":"fill","params":{"selector":"css=input[data-testid='password']","strict":true,"value":"123456","force":false},"wallTime":1704163458241,"pageId":"page@c4ec04d0b5993361ac9404f54879f33d","beforeSnapshot":"before@call@21"}
{"type":"screencast-frame","pageId":"page@c4ec04d0b5993361ac9404f54879f33d","sha1":"page@c4ec04d0b5993361ac9404f54879f33d-1704163458.218281.jpeg","width":1200,"height":800,"timestamp":10626.841}
{"type":"frame-snapshot","snapshot":{"callId":"call@21","snapshotName":"before@call@21","pageId":"page@c4ec04d0b5993361ac9404f54879f33d","frameId":"frame@0bddb1c56d6edc0f4f6bf7310272e510","frameUrl":"https://front.serverest.dev/cadastrarusuarios","doctype":"html","html":[[1,7]],"viewport":{"width":1200,"height":800},"timestamp":10627.035,"collectionTime":0.699999988079071,"resourceOverrides":[],"isMainFrame":true}}
{"type":"log","callId":"call@21","time":10627.595,"message":"waiting for locator('input[data-testid=\\'password\\']')"}
{"type":"log","callId":"call@21","time":10634.555,"message":"  locator resolved to <input id=\"password\" name=\"password\" type=\"password\" cl…/>"}
{"type":"log","callId":"call@21","time":10638.493,"message":"elementHandle.fill(\"123456\")"}
{"type":"input","callId":"call@21","inputSnapshot":"input@call@21"}
{"type":"screencast-frame","pageId":"page@c4ec04d0b5993361ac9404f54879f33d","sha1":"page@c4ec04d0b5993361ac9404f54879f33d-1704163458.238426.jpeg","width":1200,"height":800,"timestamp":10640.149}
{"type":"frame-snapshot","snapshot":{"callId":"call@21","snapshotName":"input@call@21","pageId":"page@c4ec04d0b5993361ac9404f54879f33d","frameId":"frame@0bddb1c56d6edc0f4f6bf7310272e510","frameUrl":"https://front.serverest.dev/cadastrarusuarios","doctype":"html","html":["HTML",{"lang":"en"},[[11,12]],["BODY",{},["DIV",{"id":"root"},["DIV",{"class":"App"},["DIV",{"class":"register-page container"},["FORM",{"class":"form"},[[8,0]],[[8,2]],[[5,1]],[[2,1]],["DIV",{"class":"mb-3 text-left"},["INPUT",{"__playwright_value_":"","__playwright_target__":"call@21","data-testid":"password","name":"password","placeholder":"Digite sua senha","type":"password","id":"password","class":"form-control"}]],[[8,13]],[[8,16]],[[8,20]]]]]]]],"viewport":{"width":1200,"height":800},"timestamp":10641.072,"collectionTime":0.40000003576278687,"resourceOverrides":[],"isMainFrame":true}}
{"type":"log","callId":"call@21","time":10641.207,"message":"  waiting for element to be visible, enabled and editable"}
{"type":"screencast-frame","pageId":"page@c4ec04d0b5993361ac9404f54879f33d","sha1":"page@c4ec04d0b5993361ac9404f54879f33d-1704163458.24594.jpeg","width":1200,"height":800,"timestamp":10644.761}
{"type":"log","callId":"call@21","time":10651.76,"message":"  element is visible, enabled and editable"}
{"type":"screencast-frame","pageId":"page@c4ec04d0b5993361ac9404f54879f33d","sha1":"page@c4ec04d0b5993361ac9404f54879f33d-1704163458.25566.jpeg","width":1200,"height":800,"timestamp":10656.403}
{"type":"after","callId":"call@21","endTime":10656.678,"afterSnapshot":"after@call@21"}
{"type":"frame-snapshot","snapshot":{"callId":"call@21","snapshotName":"after@call@21","pageId":"page@c4ec04d0b5993361ac9404f54879f33d","frameId":"frame@0bddb1c56d6edc0f4f6bf7310272e510","frameUrl":"https://front.serverest.dev/cadastrarusuarios","doctype":"html","html":["HTML",{"lang":"en"},[[12,12]],["BODY",{},["DIV",{"id":"root"},["DIV",{"class":"App"},["DIV",{"class":"register-page container"},["FORM",{"class":"form"},[[9,0]],[[9,2]],[[6,1]],[[3,1]],["DIV",{"class":"mb-3 text-left"},["INPUT",{"__playwright_value_":"123456","__playwright_target__":"call@21","data-testid":"password","name":"password","placeholder":"Digite sua senha","type":"password","id":"password","class":"form-control"}]],[[9,13]],[[9,16]],[[9,20]]]]]]]],"viewport":{"width":1200,"height":800},"timestamp":10658.468,"collectionTime":0.30000001192092896,"resourceOverrides":[],"isMainFrame":true}}
{"type":"before","callId":"call@23","startTime":10662.427,"apiName":"locator.waitFor","class":"Frame","method":"waitForSelector","params":{"selector":"css=input[data-testid='checkbox']","strict":true,"state":"attached","omitReturnValue":true},"wallTime":1704163458282,"pageId":"page@c4ec04d0b5993361ac9404f54879f33d","beforeSnapshot":"before@call@23"}
{"type":"frame-snapshot","snapshot":{"callId":"call@23","snapshotName":"before@call@23","pageId":"page@c4ec04d0b5993361ac9404f54879f33d","frameId":"frame@0bddb1c56d6edc0f4f6bf7310272e510","frameUrl":"https://front.serverest.dev/cadastrarusuarios","doctype":"html","html":[[1,7]],"viewport":{"width":1200,"height":800},"timestamp":10667.507,"collectionTime":1.0999999642372131,"resourceOverrides":[],"isMainFrame":true}}
{"type":"log","callId":"call@23","time":10669.223,"message":"waiting for locator('input[data-testid=\\'checkbox\\']')"}
{"type":"log","callId":"call@23","time":10674.168,"message":"  locator resolved to visible <input type=\"checkbox\" id=\"administrador\" name=\"adminis…/>"}
{"type":"after","callId":"call@23","endTime":10674.291,"result":{},"afterSnapshot":"after@call@23"}
{"type":"frame-snapshot","snapshot":{"callId":"call@23","snapshotName":"after@call@23","pageId":"page@c4ec04d0b5993361ac9404f54879f33d","frameId":"frame@0bddb1c56d6edc0f4f6bf7310272e510","frameUrl":"https://front.serverest.dev/cadastrarusuarios","doctype":"html","html":[[2,7]],"viewport":{"width":1200,"height":800},"timestamp":10678.794,"collectionTime":0.5,"resourceOverrides":[],"isMainFrame":true}}
{"type":"before","callId":"call@25","startTime":10680.734,"apiName":"locator.check","class":"Frame","method":"check","params":{"selector":"css=input[data-testid='checkbox']","strict":true,"force":false},"wallTime":1704163458299,"pageId":"page@c4ec04d0b5993361ac9404f54879f33d","beforeSnapshot":"before@call@25"}
{"type":"frame-snapshot","snapshot":{"callId":"call@25","snapshotName":"before@call@25","pageId":"page@c4ec04d0b5993361ac9404f54879f33d","frameId":"frame@0bddb1c56d6edc0f4f6bf7310272e510","frameUrl":"https://front.serverest.dev/cadastrarusuarios","doctype":"html","html":[[3,7]],"viewport":{"width":1200,"height":800},"timestamp":10682.642,"collectionTime":0.30000001192092896,"resourceOverrides":[],"isMainFrame":true}}
{"type":"log","callId":"call@25","time":10683.539,"message":"waiting for locator('input[data-testid=\\'checkbox\\']')"}
{"type":"screencast-frame","pageId":"page@c4ec04d0b5993361ac9404f54879f33d","sha1":"page@c4ec04d0b5993361ac9404f54879f33d-1704163458.287288.jpeg","width":1200,"height":800,"timestamp":10686.536}
{"type":"log","callId":"call@25","time":10688.045,"message":"  locator resolved to <input type=\"checkbox\" id=\"administrador\" name=\"adminis…/>"}
{"type":"log","callId":"call@25","time":10692.817,"message":"attempting click action"}
{"type":"log","callId":"call@25","time":10692.837,"message":"  waiting for element to be visible, enabled and stable"}
{"type":"screencast-frame","pageId":"page@c4ec04d0b5993361ac9404f54879f33d","sha1":"page@c4ec04d0b5993361ac9404f54879f33d-1704163458.301343.jpeg","width":1200,"height":800,"timestamp":10700.714}
{"type":"screencast-frame","pageId":"page@c4ec04d0b5993361ac9404f54879f33d","sha1":"page@c4ec04d0b5993361ac9404f54879f33d-1704163458.315656.jpeg","width":1200,"height":800,"timestamp":10714.135}
{"type":"log","callId":"call@25","time":10755.866,"message":"  element is visible, enabled and stable"}
{"type":"log","callId":"call@25","time":10755.889,"message":"  scrolling into view if needed"}
{"type":"log","callId":"call@25","time":10756.93,"message":"  done scrolling"}
{"type":"input","callId":"call@25","point":{"x":484.45,"y":511.68},"inputSnapshot":"input@call@25"}
{"type":"frame-snapshot","snapshot":{"callId":"call@25","snapshotName":"input@call@25","pageId":"page@c4ec04d0b5993361ac9404f54879f33d","frameId":"frame@0bddb1c56d6edc0f4f6bf7310272e510","frameUrl":"https://front.serverest.dev/cadastrarusuarios","doctype":"html","html":["HTML",{"lang":"en"},[[16,12]],["BODY",{},["DIV",{"id":"root"},["DIV",{"class":"App"},["DIV",{"class":"register-page container"},["FORM",{"class":"form"},[[13,0]],[[13,2]],[[10,1]],[[7,1]],[[4,1]],["DIV",{"class":"mb-3"},["DIV",{"class":"form-check"},["INPUT",{"__playwright_value_":"on","__playwright_checked_":"false","__playwright_target__":"call@25","data-testid":"checkbox","name":"administrador","type":"checkbox","id":"administrador","class":"form-check-input"}],[[13,11]]]],[[13,16]],[[13,20]]]]]]]],"viewport":{"width":1200,"height":800},"timestamp":10764.753,"collectionTime":1.4000000357627869,"resourceOverrides":[],"isMainFrame":true}}
{"type":"log","callId":"call@25","time":10766.915,"message":"  performing click action"}
{"type":"screencast-frame","pageId":"page@c4ec04d0b5993361ac9404f54879f33d","sha1":"page@c4ec04d0b5993361ac9404f54879f33d-1704163458.369748.jpeg","width":1200,"height":800,"timestamp":10773.691}
{"type":"log","callId":"call@25","time":10777.664,"message":"  click action done"}
{"type":"log","callId":"call@25","time":10777.681,"message":"  waiting for scheduled navigations to finish"}
{"type":"log","callId":"call@25","time":10779.008,"message":"  navigations have finished"}
{"type":"after","callId":"call@25","endTime":10782.19,"afterSnapshot":"after@call@25"}
{"type":"frame-snapshot","snapshot":{"callId":"call@25","snapshotName":"after@call@25","pageId":"page@c4ec04d0b5993361ac9404f54879f33d","frameId":"frame@0bddb1c56d6edc0f4f6bf7310272e510","frameUrl":"https://front.serverest.dev/cadastrarusuarios","doctype":"html","html":["HTML",{"lang":"en"},[[17,12]],["BODY",{},["DIV",{"id":"root"},["DIV",{"class":"App"},["DIV",{"class":"register-page container"},["FORM",{"class":"form"},[[14,0]],[[14,2]],[[11,1]],[[8,1]],[[5,1]],["DIV",{"class":"mb-3"},["DIV",{"class":"form-check"},["INPUT",{"__playwright_value_":"on","__playwright_checked_":"true","__playwright_target__":"call@25","data-testid":"checkbox","name":"administrador","type":"checkbox","id":"administrador","class":"form-check-input"}],[[14,11]]]],[[14,16]],[[14,20]]]]]]]],"viewport":{"width":1200,"height":800},"timestamp":10783.841,"collectionTime":0.3999999761581421,"resourceOverrides":[],"isMainFrame":true}}
{"type":"screencast-frame","pageId":"page@c4ec04d0b5993361ac9404f54879f33d","sha1":"page@c4ec04d0b5993361ac9404f54879f33d-1704163458.385369.jpeg","width":1200,"height":800,"timestamp":10785.937}
{"type":"before","callId":"call@27","startTime":10798.072,"apiName":"locator.click","class":"Frame","method":"click","params":{"selector":"xpath=//*[@id=\"root\"]//button >> text=\"Cadastrar\"","strict":true,"force":false,"noWaitAfter":false,"button":"left","clickCount":1,"trial":false},"wallTime":1704163458417,"pageId":"page@c4ec04d0b5993361ac9404f54879f33d","beforeSnapshot":"before@call@27"}
{"type":"screencast-frame","pageId":"page@c4ec04d0b5993361ac9404f54879f33d","sha1":"page@c4ec04d0b5993361ac9404f54879f33d-1704163458.400455.jpeg","width":1200,"height":800,"timestamp":10799.17}
{"type":"frame-snapshot","snapshot":{"callId":"call@27","snapshotName":"before@call@27","pageId":"page@c4ec04d0b5993361ac9404f54879f33d","frameId":"frame@0bddb1c56d6edc0f4f6bf7310272e510","frameUrl":"https://front.serverest.dev/cadastrarusuarios","doctype":"html","html":[[1,8]],"viewport":{"width":1200,"height":800},"timestamp":10800.092,"collectionTime":0.5,"resourceOverrides":[],"isMainFrame":true}}
{"type":"log","callId":"call@27","time":10800.991,"message":"waiting for locator('//*[@id=\"root\"]//button').locator('text=\"Cadastrar\"')"}
{"type":"log","callId":"call@27","time":10805.719000000001,"message":"  locator resolved to <button type=\"submit\" data-testid=\"cadastrar\" class=\"btn…>Cadastrar</button>"}
{"type":"log","callId":"call@27","time":10807.036,"message":"attempting click action"}
{"type":"log","callId":"call@27","time":10807.048,"message":"  waiting for element to be visible, enabled and stable"}
{"type":"screencast-frame","pageId":"page@c4ec04d0b5993361ac9404f54879f33d","sha1":"page@c4ec04d0b5993361ac9404f54879f33d-1704163458.418042.jpeg","width":1200,"height":800,"timestamp":10818.263}
{"type":"screencast-frame","pageId":"page@c4ec04d0b5993361ac9404f54879f33d","sha1":"page@c4ec04d0b5993361ac9404f54879f33d-1704163458.432774.jpeg","width":1200,"height":800,"timestamp":10830.718}
{"type":"log","callId":"call@27","time":10833.74,"message":"  element is visible, enabled and stable"}
{"type":"log","callId":"call@27","time":10833.755,"message":"  scrolling into view if needed"}
{"type":"log","callId":"call@27","time":10834.263,"message":"  done scrolling"}
{"type":"input","callId":"call@27","point":{"x":600,"y":559.39},"inputSnapshot":"input@call@27"}
{"type":"frame-snapshot","snapshot":{"callId":"call@27","snapshotName":"input@call@27","pageId":"page@c4ec04d0b5993361ac9404f54879f33d","frameId":"frame@0bddb1c56d6edc0f4f6bf7310272e510","frameUrl":"https://front.serverest.dev/cadastrarusuarios","doctype":"html","html":["HTML",{"lang":"en"},[[19,12]],["BODY",{},["DIV",{"id":"root"},["DIV",{"class":"App"},["DIV",{"class":"register-page container"},["FORM",{"class":"form"},[[16,0]],[[16,2]],[[13,1]],[[10,1]],[[7,1]],[[2,2]],["DIV",{"class":"mb-3"},["BUTTON",{"__playwright_target__":"call@27","data-testid":"cadastrar","type":"submit","class":"btn btn-primary btn btn-primary"},[[16,14]]]],[[16,20]]]]]]]],"viewport":{"width":1200,"height":800},"timestamp":10836.73,"collectionTime":0.5,"resourceOverrides":[],"isMainFrame":true}}
{"type":"log","callId":"call@27","time":10838.25,"message":"  performing click action"}
{"type":"log","callId":"call@27","time":10854.461,"message":"  click action done"}
{"type":"log","callId":"call@27","time":10854.482,"message":"  waiting for scheduled navigations to finish"}
{"type":"screencast-frame","pageId":"page@c4ec04d0b5993361ac9404f54879f33d","sha1":"page@c4ec04d0b5993361ac9404f54879f33d-1704163458.45.jpeg","width":1200,"height":800,"timestamp":10854.734}
{"type":"log","callId":"call@27","time":10857.176,"message":"  navigations have finished"}
{"type":"after","callId":"call@27","endTime":10857.295,"afterSnapshot":"after@call@27"}
{"type":"frame-snapshot","snapshot":{"callId":"call@27","snapshotName":"after@call@27","pageId":"page@c4ec04d0b5993361ac9404f54879f33d","frameId":"frame@0bddb1c56d6edc0f4f6bf7310272e510","frameUrl":"https://front.serverest.dev/cadastrarusuarios","doctype":"html","html":[[1,7]],"viewport":{"width":1200,"height":800},"timestamp":10858.524,"collectionTime":0.2999999523162842,"resourceOverrides":[],"isMainFrame":true}}
{"type":"before","callId":"call@29","startTime":10864.235,"apiName":"locator.waitFor","class":"Frame","method":"waitForSelector","params":{"selector":"h1","strict":true,"state":"visible","omitReturnValue":true},"wallTime":1704163458483,"pageId":"page@c4ec04d0b5993361ac9404f54879f33d","beforeSnapshot":"before@call@29"}
{"type":"screencast-frame","pageId":"page@c4ec04d0b5993361ac9404f54879f33d","sha1":"page@c4ec04d0b5993361ac9404f54879f33d-1704163458.465565.jpeg","width":1200,"height":800,"timestamp":10865.191}
{"type":"frame-snapshot","snapshot":{"callId":"call@29","snapshotName":"before@call@29","pageId":"page@c4ec04d0b5993361ac9404f54879f33d","frameId":"frame@0bddb1c56d6edc0f4f6bf7310272e510","frameUrl":"https://front.serverest.dev/cadastrarusuarios","doctype":"html","html":[[2,7]],"viewport":{"width":1200,"height":800},"timestamp":10866.224,"collectionTime":0.2999999523162842,"resourceOverrides":[],"isMainFrame":true}}
{"type":"log","callId":"call@29","time":10866.745,"message":"waiting for locator('h1') to be visible"}
{"type":"screencast-frame","pageId":"page@c4ec04d0b5993361ac9404f54879f33d","sha1":"page@c4ec04d0b5993361ac9404f54879f33d-1704163458.482974.jpeg","width":1200,"height":800,"timestamp":10881.602}
{"type":"screencast-frame","pageId":"page@c4ec04d0b5993361ac9404f54879f33d","sha1":"page@c4ec04d0b5993361ac9404f54879f33d-1704163458.500104.jpeg","width":1200,"height":800,"timestamp":10899.627}
{"type":"screencast-frame","pageId":"page@c4ec04d0b5993361ac9404f54879f33d","sha1":"page@c4ec04d0b5993361ac9404f54879f33d-1704163458.517538.jpeg","width":1200,"height":800,"timestamp":10917.341}
{"type":"screencast-frame","pageId":"page@c4ec04d0b5993361ac9404f54879f33d","sha1":"page@c4ec04d0b5993361ac9404f54879f33d-1704163458.565611.jpeg","width":1200,"height":800,"timestamp":10966.873}
{"type":"screencast-frame","pageId":"page@c4ec04d0b5993361ac9404f54879f33d","sha1":"page@c4ec04d0b5993361ac9404f54879f33d-1704163458.600185.jpeg","width":1200,"height":800,"timestamp":10999.659}
{"type":"screencast-frame","pageId":"page@c4ec04d0b5993361ac9404f54879f33d","sha1":"page@c4ec04d0b5993361ac9404f54879f33d-1704163459.110099.jpeg","width":1200,"height":800,"timestamp":11510.262}
{"type":"event","class":"Frame","method":"navigated","params":{"url":"https://front.serverest.dev/admin/home","name":""},"time":14418.42,"pageId":"page@c4ec04d0b5993361ac9404f54879f33d"}
{"type":"screencast-frame","pageId":"page@c4ec04d0b5993361ac9404f54879f33d","sha1":"page@c4ec04d0b5993361ac9404f54879f33d-1704163462.082031.jpeg","width":1200,"height":800,"timestamp":14481.88}
{"type":"log","callId":"call@29","time":14795.157,"message":"  locator resolved to visible <h1>Bem Vindo  Mayara Fernandes</h1>"}
{"type":"after","callId":"call@29","endTime":14795.44,"result":{},"afterSnapshot":"after@call@29"}
{"type":"frame-snapshot","snapshot":{"callId":"call@29","snapshotName":"after@call@29","pageId":"page@c4ec04d0b5993361ac9404f54879f33d","frameId":"frame@0bddb1c56d6edc0f4f6bf7310272e510","frameUrl":"https://front.serverest.dev/admin/home","doctype":"html","html":["HTML",{"lang":"en"},[[22,12]],["BODY",{},["DIV",{"id":"root"},["DIV",{"class":"App"},["NAV",{"class":"navbar navbar-expand-lg background-navbar"},["BUTTON",{"class":"navbar-toggler","type":"button","data-toggle":"collapse","data-target":"#navbarTogglerDemo01","aria-controls":"navbarTogglerDemo01","aria-expanded":"false","aria-label":"Toggle navigation"},["SPAN",{"class":"navbar-toggler-icon"}]],["DIV",{"class":"collapse navbar-collapse","id":"navbarTogglerDemo01"},["IMG",{"__playwright_current_src__":"","class":"imagem","src":"/static/media/serverestlogo1branco.7e020988.png","width":"100","height":"65"}],["UL",{"class":"navbar-nav mr-auto mt-2 mt-lg-0"},["LI",{"class":"nav-item"},["A",{"data-testid":"home","type":"button","class":"btn text-light"},"Home"]],["LI",{"class":"nav-item"},["A",{"data-testid":"cadastrar-usuarios","type":"button","class":"btn text-light"},"Cadastrar Usuários"]],["LI",{"class":"nav-item"},["A",{"data-testid":"listar-usuarios","type":"button","class":"btn text-light"},"Listar Usuários"]],["LI",{"class":"nav-item"},["A",{"data-testid":"cadastrar-produtos","type":"button","class":"btn text-light"},"Cadastrar Produtos"]],["LI",{"class":"nav-item"},["A",{"data-testid":"listar-produtos","type":"button","class":"btn text-light"},"Listar Produtos"]],["LI",{"class":"nav-item"},["A",{"data-testid":"link-relatorios","type":"button","class":"btn text-light"},"Relatórios"]]],["FORM",{},["BUTTON",{"data-testid":"logout","class":" my-2 my-sm-0 btn btn-info","type":"button"},"Logout"]]]],["DIV",{"class":"jumbotron"},["H1",{},"Bem Vindo  ","Mayara Fernandes"],["P",{"class":"lead"},"Este é seu sistema para administrar seu ecommerce."],["HR",{"class":"my-4"}],["P",{"class":"row"},["DIV",{"class":"col-md-1"}],["DIV",{"class":"col-md-2"},["DIV",{"class":"card"},["DIV",{"class":"card-body"},["H5",{"class":"card-title"},"Cadastrar Usuários"],["P",{"class":"card-text"},"Funcionalidade de cadastro de usuários para ter acesso ao ecommerce."],["A",{"data-testid":"cadastrarUsuarios","class":"btn btn-primary"},"Cadastrar"]]]],["DIV",{"class":"col-md-2"},["DIV",{"class":"card"},["DIV",{"class":"card-body"},["H5",{"class":"card-title"},"Listar Usuários"],["P",{"class":"card-text"},"Funcionalidade de listagem de usuários que estão cadastrados."],["A",{"data-testid":"listarUsuarios","class":"btn btn-primary"},"Listar"]]]],["DIV",{"class":"col-md-2"},["DIV",{"class":"card"},["DIV",{"class":"card-body"},["H5",{"class":"card-title"},"Cadastrar Produtos"],["P",{"class":"card-text"},"Funcionalidade de cadastro de produtos para ser utilizado no ecommerce."],["A",{"data-testid":"cadastrarProdutos","class":"btn btn-primary"},"Cadastrar"]]]],["DIV",{"class":"col-md-2"},["DIV",{"class":"card"},["DIV",{"class":"card-body"},["H5",{"class":"card-title"},"Listar Produtos"],["P",{"class":"card-text"},"Funcionalidade de listagem de produtos que estão cadastrados."],["A",{"data-testid":"listarProdutos","class":"btn btn-primary"},"Listar"]]]],["DIV",{"class":"col-md-2"},["DIV",{"class":"card"},["DIV",{"class":"card-body"},["H5",{"class":"card-title"},"Relatórios"],["P",{"class":"card-text"},"Funcionalidade de relatórios gerais do sistema de ecommerce."],["A",{"data-testid":"relatorios","class":"btn btn-primary"},"Ver"]]]]]]]]]],"viewport":{"width":1200,"height":800},"timestamp":14799.742,"collectionTime":1.399999976158142,"resourceOverrides":[],"isMainFrame":true}}
{"type":"before","callId":"call@31","startTime":14804.623,"apiName":"locator.elementHandle","class":"Frame","method":"waitForSelector","params":{"selector":"h1","strict":true,"state":"attached"},"wallTime":1704163462424,"pageId":"page@c4ec04d0b5993361ac9404f54879f33d","beforeSnapshot":"before@call@31"}
{"type":"frame-snapshot","snapshot":{"callId":"call@31","snapshotName":"before@call@31","pageId":"page@c4ec04d0b5993361ac9404f54879f33d","frameId":"frame@0bddb1c56d6edc0f4f6bf7310272e510","frameUrl":"https://front.serverest.dev/admin/home","doctype":"html","html":[[1,84]],"viewport":{"width":1200,"height":800},"timestamp":14806.858,"collectionTime":0.6000000238418579,"resourceOverrides":[],"isMainFrame":true}}
{"type":"log","callId":"call@31","time":14807.528,"message":"waiting for locator('h1')"}
{"type":"log","callId":"call@31","time":14812.519,"message":"  locator resolved to visible <h1>Bem Vindo  Mayara Fernandes</h1>"}
{"type":"event","class":"ElementHandle","method":"__create__","params":{"type":"ElementHandle","initializer":{"preview":"JSHandle@node"},"guid":"handle@a7570bcf2a765657018fd88b7bb457f0"},"time":14817.611,"pageId":"page@c4ec04d0b5993361ac9404f54879f33d"}
{"type":"after","callId":"call@31","endTime":14817.678,"result":{"element":{"guid":"handle@a7570bcf2a765657018fd88b7bb457f0"}},"afterSnapshot":"after@call@31"}
{"type":"frame-snapshot","snapshot":{"callId":"call@31","snapshotName":"after@call@31","pageId":"page@c4ec04d0b5993361ac9404f54879f33d","frameId":"frame@0bddb1c56d6edc0f4f6bf7310272e510","frameUrl":"https://front.serverest.dev/admin/home","doctype":"html","html":[[2,84]],"viewport":{"width":1200,"height":800},"timestamp":14823.63,"collectionTime":0.40000003576278687,"resourceOverrides":[],"isMainFrame":true}}
{"type":"before","callId":"call@33","startTime":14824.401,"apiName":"elementHandle.getProperty","class":"ElementHandle","method":"getProperty","params":{"name":"tagName"},"wallTime":1704163462444,"pageId":"page@c4ec04d0b5993361ac9404f54879f33d","beforeSnapshot":"before@call@33"}
{"type":"event","class":"ElementHandle","method":"previewUpdated","params":{"preview":"JSHandle@<h1>Bem Vindo  Mayara Fernandes</h1>"},"time":14828.055,"pageId":"page@c4ec04d0b5993361ac9404f54879f33d"}
{"type":"after","callId":"call@33","endTime":14829.759,"result":{"handle":{"guid":"handle@58144b35410fe113303524bf8a22fdd8"}},"afterSnapshot":"after@call@33"}
{"type":"before","callId":"call@35","startTime":14830.532,"apiName":"jsHandle.jsonValue","class":"JSHandle","method":"jsonValue","params":{},"wallTime":1704163462450,"pageId":"page@c4ec04d0b5993361ac9404f54879f33d","beforeSnapshot":"before@call@35"}
{"type":"after","callId":"call@35","endTime":14830.935,"result":{"value":{"s":"H1"}},"afterSnapshot":"after@call@35"}
{"type":"before","callId":"call@37","startTime":14831.622,"apiName":"elementHandle.innerText","class":"ElementHandle","method":"innerText","params":{},"wallTime":1704163462451,"pageId":"page@c4ec04d0b5993361ac9404f54879f33d","beforeSnapshot":"before@call@37"}
{"type":"frame-snapshot","snapshot":{"callId":"call@37","snapshotName":"before@call@37","pageId":"page@c4ec04d0b5993361ac9404f54879f33d","frameId":"frame@0bddb1c56d6edc0f4f6bf7310272e510","frameUrl":"https://front.serverest.dev/admin/home","doctype":"html","html":[[3,84]],"viewport":{"width":1200,"height":800},"timestamp":14833.509,"collectionTime":0.3999999761581421,"resourceOverrides":[],"isMainFrame":true}}
{"type":"log","callId":"call@37","time":14834.517,"message":"waiting for locator(':scope')"}
{"type":"log","callId":"call@37","time":14839.979,"message":"  locator resolved to <h1>Bem Vindo  Mayara Fernandes</h1>"}
{"type":"after","callId":"call@37","endTime":14840.015,"result":{"value":"Bem Vindo Mayara Fernandes"},"afterSnapshot":"after@call@37"}
{"type":"frame-snapshot","snapshot":{"callId":"call@37","snapshotName":"after@call@37","pageId":"page@c4ec04d0b5993361ac9404f54879f33d","frameId":"frame@0bddb1c56d6edc0f4f6bf7310272e510","frameUrl":"https://front.serverest.dev/admin/home","doctype":"html","html":["HTML",{"lang":"en"},[[26,12]],["BODY",{},["DIV",{"id":"root"},["DIV",{"class":"App"},[[4,26]],["DIV",{"class":"jumbotron"},["H1",{"__playwright_target__":"call@37"},[[4,27]],[[4,28]]],[[4,31]],[[4,32]],[[4,79]]]]]]],"viewport":{"width":1200,"height":800},"timestamp":14843.371,"collectionTime":0.699999988079071,"resourceOverrides":[],"isMainFrame":true}}
{"type":"before","callId":"call@39","startTime":14847.528,"apiName":"locator.waitFor","class":"Frame","method":"waitForSelector","params":{"selector":"css=button[data-testid='logout']","strict":true,"timeout":250,"state":"attached","omitReturnValue":true},"wallTime":1704163462467,"pageId":"page@c4ec04d0b5993361ac9404f54879f33d","beforeSnapshot":"before@call@39"}
{"type":"frame-snapshot","snapshot":{"callId":"call@39","snapshotName":"before@call@39","pageId":"page@c4ec04d0b5993361ac9404f54879f33d","frameId":"frame@0bddb1c56d6edc0f4f6bf7310272e510","frameUrl":"https://front.serverest.dev/admin/home","doctype":"html","html":[[1,5]],"viewport":{"width":1200,"height":800},"timestamp":14849.81,"collectionTime":0.699999988079071,"resourceOverrides":[],"isMainFrame":true}}
{"type":"log","callId":"call@39","time":14850.563,"message":"waiting for locator('button[data-testid=\\'logout\\']')"}
{"type":"log","callId":"call@39","time":14854.23,"message":"  locator resolved to visible <button type=\"button\" data-testid=\"logout\" class=\" my-2 …>Logout</button>"}
{"type":"after","callId":"call@39","endTime":14854.264,"result":{},"afterSnapshot":"after@call@39"}
{"type":"frame-snapshot","snapshot":{"callId":"call@39","snapshotName":"after@call@39","pageId":"page@c4ec04d0b5993361ac9404f54879f33d","frameId":"frame@0bddb1c56d6edc0f4f6bf7310272e510","frameUrl":"https://front.serverest.dev/admin/home","doctype":"html","html":[[2,5]],"viewport":{"width":1200,"height":800},"timestamp":14856.076000000001,"collectionTime":0.40000003576278687,"resourceOverrides":[],"isMainFrame":true}}
{"type":"before","callId":"call@41","startTime":14856.664,"apiName":"locator.isVisible","class":"Frame","method":"isVisible","params":{"selector":"css=button[data-testid='logout']","strict":true},"wallTime":1704163462476,"pageId":"page@c4ec04d0b5993361ac9404f54879f33d","beforeSnapshot":"before@call@41"}
{"type":"frame-snapshot","snapshot":{"callId":"call@41","snapshotName":"before@call@41","pageId":"page@c4ec04d0b5993361ac9404f54879f33d","frameId":"frame@0bddb1c56d6edc0f4f6bf7310272e510","frameUrl":"https://front.serverest.dev/admin/home","doctype":"html","html":[[3,5]],"viewport":{"width":1200,"height":800},"timestamp":14858.623,"collectionTime":0.5999999642372131,"resourceOverrides":[],"isMainFrame":true}}
{"type":"log","callId":"call@41","time":14859.982,"message":"  checking visibility of locator('button[data-testid=\\'logout\\']')"}
{"type":"after","callId":"call@41","endTime":14862.141,"result":{"value":true},"afterSnapshot":"after@call@41"}
{"type":"frame-snapshot","snapshot":{"callId":"call@41","snapshotName":"after@call@41","pageId":"page@c4ec04d0b5993361ac9404f54879f33d","frameId":"frame@0bddb1c56d6edc0f4f6bf7310272e510","frameUrl":"https://front.serverest.dev/admin/home","doctype":"html","html":[[4,5]],"viewport":{"width":1200,"height":800},"timestamp":14864.065,"collectionTime":0.40000003576278687,"resourceOverrides":[],"isMainFrame":true}}
{"type":"before","callId":"call@43","startTime":14864.632,"apiName":"locator.isEnabled","class":"Frame","method":"isEnabled","params":{"selector":"css=button[data-testid='logout']","strict":true},"wallTime":1704163462484,"pageId":"page@c4ec04d0b5993361ac9404f54879f33d","beforeSnapshot":"before@call@43"}
{"type":"frame-snapshot","snapshot":{"callId":"call@43","snapshotName":"before@call@43","pageId":"page@c4ec04d0b5993361ac9404f54879f33d","frameId":"frame@0bddb1c56d6edc0f4f6bf7310272e510","frameUrl":"https://front.serverest.dev/admin/home","doctype":"html","html":[[5,5]],"viewport":{"width":1200,"height":800},"timestamp":14866.542,"collectionTime":0.5,"resourceOverrides":[],"isMainFrame":true}}
{"type":"log","callId":"call@43","time":14867.036,"message":"waiting for locator('button[data-testid=\\'logout\\']')"}
{"type":"log","callId":"call@43","time":14869.333,"message":"  locator resolved to <button type=\"button\" data-testid=\"logout\" class=\" my-2 …>Logout</button>"}
{"type":"after","callId":"call@43","endTime":14869.373,"result":{"value":true},"afterSnapshot":"after@call@43"}
{"type":"frame-snapshot","snapshot":{"callId":"call@43","snapshotName":"after@call@43","pageId":"page@c4ec04d0b5993361ac9404f54879f33d","frameId":"frame@0bddb1c56d6edc0f4f6bf7310272e510","frameUrl":"https://front.serverest.dev/admin/home","doctype":"html","html":["HTML",{"lang":"en"},[[32,12]],["BODY",{},["DIV",{"id":"root"},["DIV",{"class":"App"},["NAV",{"class":"navbar navbar-expand-lg background-navbar"},[[10,1]],["DIV",{"class":"collapse navbar-collapse","id":"navbarTogglerDemo01"},[[10,2]],[[10,21]],["FORM",{},["BUTTON",{"__playwright_target__":"call@43","data-testid":"logout","class":" my-2 my-sm-0 btn btn-info","type":"button"},[[10,22]]]]]],[[6,1]]]]]],"viewport":{"width":1200,"height":800},"timestamp":14871.803,"collectionTime":0.6000000238418579,"resourceOverrides":[],"isMainFrame":true}}
{"type":"before","callId":"call@45","startTime":14872.397,"apiName":"locator.isEditable","class":"Frame","method":"isEditable","params":{"selector":"css=button[data-testid='logout']","strict":true},"wallTime":1704163462492,"pageId":"page@c4ec04d0b5993361ac9404f54879f33d","beforeSnapshot":"before@call@45"}
{"type":"frame-snapshot","snapshot":{"callId":"call@45","snapshotName":"before@call@45","pageId":"page@c4ec04d0b5993361ac9404f54879f33d","frameId":"frame@0bddb1c56d6edc0f4f6bf7310272e510","frameUrl":"https://front.serverest.dev/admin/home","doctype":"html","html":[[1,7]],"viewport":{"width":1200,"height":800},"timestamp":14874.166,"collectionTime":0.30000001192092896,"resourceOverrides":[],"isMainFrame":true}}
{"type":"log","callId":"call@45","time":14874.865,"message":"waiting for locator('button[data-testid=\\'logout\\']')"}
{"type":"log","callId":"call@45","time":14877.989,"message":"  locator resolved to <button type=\"button\" data-testid=\"logout\" class=\" my-2 …>Logout</button>"}
{"type":"after","callId":"call@45","endTime":14878.032,"result":{"value":true},"afterSnapshot":"after@call@45"}
{"type":"frame-snapshot","snapshot":{"callId":"call@45","snapshotName":"after@call@45","pageId":"page@c4ec04d0b5993361ac9404f54879f33d","frameId":"frame@0bddb1c56d6edc0f4f6bf7310272e510","frameUrl":"https://front.serverest.dev/admin/home","doctype":"html","html":["HTML",{"lang":"en"},[[34,12]],["BODY",{},["DIV",{"id":"root"},["DIV",{"class":"App"},["NAV",{"class":"navbar navbar-expand-lg background-navbar"},[[12,1]],["DIV",{"class":"collapse navbar-collapse","id":"navbarTogglerDemo01"},[[12,2]],[[12,21]],["FORM",{},["BUTTON",{"__playwright_target__":"call@45","data-testid":"logout","class":" my-2 my-sm-0 btn btn-info","type":"button"},[[12,22]]]]]],[[8,1]]]]]],"viewport":{"width":1200,"height":800},"timestamp":14880.23,"collectionTime":0.5,"resourceOverrides":[],"isMainFrame":true}}
{"type":"before","callId":"call@47","startTime":14880.913,"apiName":"locator.isChecked","class":"Frame","method":"isChecked","params":{"selector":"css=button[data-testid='logout']","strict":true},"wallTime":1704163462500,"pageId":"page@c4ec04d0b5993361ac9404f54879f33d","beforeSnapshot":"before@call@47"}
{"type":"frame-snapshot","snapshot":{"callId":"call@47","snapshotName":"before@call@47","pageId":"page@c4ec04d0b5993361ac9404f54879f33d","frameId":"frame@0bddb1c56d6edc0f4f6bf7310272e510","frameUrl":"https://front.serverest.dev/admin/home","doctype":"html","html":[[1,7]],"viewport":{"width":1200,"height":800},"timestamp":14882.829,"collectionTime":0.5,"resourceOverrides":[],"isMainFrame":true}}
{"type":"log","callId":"call@47","time":14883.318,"message":"waiting for locator('button[data-testid=\\'logout\\']')"}
{"type":"after","callId":"call@47","endTime":14887.109,"error":{"message":"Error: Not a checkbox or radio button","stack":"Error: Error: Not a checkbox or radio button\n    at CRExecutionContext.evaluateWithArguments (C:\\Users\\ericl\\AppData\\Local\\Programs\\Python\\Python312\\Lib\\site-packages\\Browser\\wrapper\\node_modules\\playwright-core\\lib\\server\\chromium\\crExecutionContext.js:92:33)\n    at async LongStandingScope._race (C:\\Users\\ericl\\AppData\\Local\\Programs\\Python\\Python312\\Lib\\site-packages\\Browser\\wrapper\\node_modules\\playwright-core\\lib\\utils\\manualPromise.js:96:14)\n    at async evaluateExpression (C:\\Users\\ericl\\AppData\\Local\\Programs\\Python\\Python312\\Lib\\site-packages\\Browser\\wrapper\\node_modules\\playwright-core\\lib\\server\\javascript.js:241:12)\n    at async C:\\Users\\ericl\\AppData\\Local\\Programs\\Python\\Python312\\Lib\\site-packages\\Browser\\wrapper\\node_modules\\playwright-core\\lib\\server\\frames.js:1409:13\n    at async Frame.retryWithProgressAndTimeouts (C:\\Users\\ericl\\AppData\\Local\\Programs\\Python\\Python312\\Lib\\site-packages\\Browser\\wrapper\\node_modules\\playwright-core\\lib\\server\\frames.js:912:24)\n    at async ProgressController.run (C:\\Users\\ericl\\AppData\\Local\\Programs\\Python\\Python312\\Lib\\site-packages\\Browser\\wrapper\\node_modules\\playwright-core\\lib\\server\\progress.js:91:22)\n    at async Frame._elementState (C:\\Users\\ericl\\AppData\\Local\\Programs\\Python\\Python312\\Lib\\site-packages\\Browser\\wrapper\\node_modules\\playwright-core\\lib\\server\\frames.js:1100:20)\n    at async FrameDispatcher.isChecked (C:\\Users\\ericl\\AppData\\Local\\Programs\\Python\\Python312\\Lib\\site-packages\\Browser\\wrapper\\node_modules\\playwright-core\\lib\\server\\dispatchers\\frameDispatcher.js:202:14)\n    at async LongStandingScope._race (C:\\Users\\ericl\\AppData\\Local\\Programs\\Python\\Python312\\Lib\\site-packages\\Browser\\wrapper\\node_modules\\playwright-core\\lib\\utils\\manualPromise.js:96:14)\n    at async FrameDispatcher._handleCommand (C:\\Users\\ericl\\AppData\\Local\\Programs\\Python\\Python312\\Lib\\site-packages\\Browser\\wrapper\\node_modules\\playwright-core\\lib\\server\\dispatchers\\dispatcher.js:86:14)","name":"Error"},"afterSnapshot":"after@call@47"}
{"type":"frame-snapshot","snapshot":{"callId":"call@47","snapshotName":"after@call@47","pageId":"page@c4ec04d0b5993361ac9404f54879f33d","frameId":"frame@0bddb1c56d6edc0f4f6bf7310272e510","frameUrl":"https://front.serverest.dev/admin/home","doctype":"html","html":["HTML",{"lang":"en"},[[36,12]],["BODY",{},["DIV",{"id":"root"},["DIV",{"class":"App"},["NAV",{"class":"navbar navbar-expand-lg background-navbar"},[[14,1]],["DIV",{"class":"collapse navbar-collapse","id":"navbarTogglerDemo01"},[[14,2]],[[14,21]],["FORM",{},["BUTTON",{"__playwright_target__":"call@47","data-testid":"logout","class":" my-2 my-sm-0 btn btn-info","type":"button"},[[14,22]]]]]],[[10,1]]]]]],"viewport":{"width":1200,"height":800},"timestamp":14889.277,"collectionTime":0.699999988079071,"resourceOverrides":[],"isMainFrame":true}}
{"type":"before","callId":"call@49","startTime":14890.954,"apiName":"locator.elementHandle","class":"Frame","method":"waitForSelector","params":{"selector":"css=button[data-testid='logout']","strict":true,"state":"attached"},"wallTime":1704163462510,"pageId":"page@c4ec04d0b5993361ac9404f54879f33d","beforeSnapshot":"before@call@49"}
{"type":"frame-snapshot","snapshot":{"callId":"call@49","snapshotName":"before@call@49","pageId":"page@c4ec04d0b5993361ac9404f54879f33d","frameId":"frame@0bddb1c56d6edc0f4f6bf7310272e510","frameUrl":"https://front.serverest.dev/admin/home","doctype":"html","html":[[1,7]],"viewport":{"width":1200,"height":800},"timestamp":14894.059,"collectionTime":0.699999988079071,"resourceOverrides":[],"isMainFrame":true}}
{"type":"log","callId":"call@49","time":14894.486,"message":"waiting for locator('button[data-testid=\\'logout\\']')"}
{"type":"log","callId":"call@49","time":14898.153,"message":"  locator resolved to visible <button type=\"button\" data-testid=\"logout\" class=\" my-2 …>Logout</button>"}
{"type":"event","class":"ElementHandle","method":"__create__","params":{"type":"ElementHandle","initializer":{"preview":"JSHandle@node"},"guid":"handle@45cbd8f75376856f605cc371457397b7"},"time":14902.005,"pageId":"page@c4ec04d0b5993361ac9404f54879f33d"}
{"type":"after","callId":"call@49","endTime":14902.045,"result":{"element":{"guid":"handle@45cbd8f75376856f605cc371457397b7"}},"afterSnapshot":"after@call@49"}
{"type":"event","class":"ElementHandle","method":"previewUpdated","params":{"preview":"JSHandle@<button type=\"button\" data-testid=\"logout\" class=\" my-2 …>Logout</button>"},"time":14903.302,"pageId":"page@c4ec04d0b5993361ac9404f54879f33d"}
{"type":"frame-snapshot","snapshot":{"callId":"call@49","snapshotName":"after@call@49","pageId":"page@c4ec04d0b5993361ac9404f54879f33d","frameId":"frame@0bddb1c56d6edc0f4f6bf7310272e510","frameUrl":"https://front.serverest.dev/admin/home","doctype":"html","html":[[2,7]],"viewport":{"width":1200,"height":800},"timestamp":14904.168,"collectionTime":0.40000003576278687,"resourceOverrides":[],"isMainFrame":true}}
{"type":"before","callId":"call@51","startTime":14904.888,"apiName":"elementHandle.evaluate","class":"ElementHandle","method":"evaluateExpression","params":{"expression":"(e) => \"selected\" in e","isFunction":true,"arg":{"value":{"v":"undefined"},"handles":[]}},"wallTime":1704163462524,"pageId":"page@c4ec04d0b5993361ac9404f54879f33d","beforeSnapshot":"before@call@51"}
{"type":"frame-snapshot","snapshot":{"callId":"call@51","snapshotName":"before@call@51","pageId":"page@c4ec04d0b5993361ac9404f54879f33d","frameId":"frame@0bddb1c56d6edc0f4f6bf7310272e510","frameUrl":"https://front.serverest.dev/admin/home","doctype":"html","html":[[3,7]],"viewport":{"width":1200,"height":800},"timestamp":14906.724,"collectionTime":0.30000001192092896,"resourceOverrides":[],"isMainFrame":true}}
{"type":"after","callId":"call@51","endTime":14908.771,"result":{"value":{"b":false}},"afterSnapshot":"after@call@51"}
{"type":"frame-snapshot","snapshot":{"callId":"call@51","snapshotName":"after@call@51","pageId":"page@c4ec04d0b5993361ac9404f54879f33d","frameId":"frame@0bddb1c56d6edc0f4f6bf7310272e510","frameUrl":"https://front.serverest.dev/admin/home","doctype":"html","html":[[4,7]],"viewport":{"width":1200,"height":800},"timestamp":14911.663,"collectionTime":0.40000003576278687,"resourceOverrides":[],"isMainFrame":true}}
{"type":"before","callId":"call@53","startTime":14912.184,"apiName":"elementHandle.evaluate","class":"ElementHandle","method":"evaluateExpression","params":{"expression":"(e) => document.activeElement === e","isFunction":true,"arg":{"value":{"v":"undefined"},"handles":[]}},"wallTime":1704163462532,"pageId":"page@c4ec04d0b5993361ac9404f54879f33d","beforeSnapshot":"before@call@53"}
{"type":"frame-snapshot","snapshot":{"callId":"call@53","snapshotName":"before@call@53","pageId":"page@c4ec04d0b5993361ac9404f54879f33d","frameId":"frame@0bddb1c56d6edc0f4f6bf7310272e510","frameUrl":"https://front.serverest.dev/admin/home","doctype":"html","html":[[5,7]],"viewport":{"width":1200,"height":800},"timestamp":14913.917,"collectionTime":0.2999999523162842,"resourceOverrides":[],"isMainFrame":true}}
{"type":"after","callId":"call@53","endTime":14915.807,"result":{"value":{"b":false}},"afterSnapshot":"after@call@53"}
{"type":"frame-snapshot","snapshot":{"callId":"call@53","snapshotName":"after@call@53","pageId":"page@c4ec04d0b5993361ac9404f54879f33d","frameId":"frame@0bddb1c56d6edc0f4f6bf7310272e510","frameUrl":"https://front.serverest.dev/admin/home","doctype":"html","html":[[6,7]],"viewport":{"width":1200,"height":800},"timestamp":14917.915,"collectionTime":0.40000003576278687,"resourceOverrides":[],"isMainFrame":true}}
{"type":"before","callId":"call@57","startTime":14960.856,"apiName":"page.title","class":"Frame","method":"title","params":{},"wallTime":1704163462579,"pageId":"page@c4ec04d0b5993361ac9404f54879f33d","beforeSnapshot":"before@call@57"}
{"type":"after","callId":"call@57","endTime":14963.479,"result":{"value":"Front - ServeRest"},"afterSnapshot":"after@call@57"}
{"type":"before","callId":"call@59","startTime":14967.014,"apiName":"page.title","class":"Frame","method":"title","params":{},"wallTime":1704163462586,"pageId":"page@c4ec04d0b5993361ac9404f54879f33d","beforeSnapshot":"before@call@59"}
{"type":"after","callId":"call@59","endTime":14968.4,"result":{"value":"Front - ServeRest"},"afterSnapshot":"after@call@59"}
{"type":"before","callId":"call@61","startTime":14971.635,"apiName":"page.bringToFront","class":"Page","method":"bringToFront","params":{},"wallTime":1704163462591,"pageId":"page@c4ec04d0b5993361ac9404f54879f33d","beforeSnapshot":"before@call@61"}
{"type":"after","callId":"call@61","endTime":14972.434,"afterSnapshot":"after@call@61"}
{"type":"before","callId":"call@63","startTime":14975.494,"apiName":"page.title","class":"Frame","method":"title","params":{},"wallTime":1704163462595,"pageId":"page@c4ec04d0b5993361ac9404f54879f33d","beforeSnapshot":"before@call@63"}
{"type":"after","callId":"call@63","endTime":14978.438,"result":{"value":"Front - ServeRest"},"afterSnapshot":"after@call@63"}
{"type":"before","callId":"call@65","startTime":14982.504,"apiName":"page.bringToFront","class":"Page","method":"bringToFront","params":{},"wallTime":1704163462602,"pageId":"page@c4ec04d0b5993361ac9404f54879f33d","beforeSnapshot":"before@call@65"}
{"type":"after","callId":"call@65","endTime":14983.427,"afterSnapshot":"after@call@65"}
{"type":"before","callId":"call@67","startTime":14985.759,"apiName":"page.bringToFront","class":"Page","method":"bringToFront","params":{},"wallTime":1704163462605,"pageId":"page@c4ec04d0b5993361ac9404f54879f33d","beforeSnapshot":"before@call@67"}
{"type":"after","callId":"call@67","endTime":14986.559,"afterSnapshot":"after@call@67"}
{"type":"before","callId":"call@69","startTime":14988.522,"apiName":"page.bringToFront","class":"Page","method":"bringToFront","params":{},"wallTime":1704163462608,"pageId":"page@c4ec04d0b5993361ac9404f54879f33d","beforeSnapshot":"before@call@69"}
{"type":"after","callId":"call@69","endTime":14989.341,"afterSnapshot":"after@call@69"}
{"type":"before","callId":"call@71","startTime":14993.508,"apiName":"page.title","class":"Frame","method":"title","params":{},"wallTime":1704163462612,"pageId":"page@c4ec04d0b5993361ac9404f54879f33d","beforeSnapshot":"before@call@71"}
{"type":"after","callId":"call@71","endTime":14995.856,"result":{"value":"Front - ServeRest"},"afterSnapshot":"after@call@71"}
{"type":"before","callId":"call@73","startTime":14998.476,"apiName":"page.bringToFront","class":"Page","method":"bringToFront","params":{},"wallTime":1704163462618,"pageId":"page@c4ec04d0b5993361ac9404f54879f33d","beforeSnapshot":"before@call@73"}
{"type":"after","callId":"call@73","endTime":14999.322,"afterSnapshot":"after@call@73"}
